<?xml version="1.0" encoding="UTF-8" ?>
<testsuite tests="22" failures="3" name="TestSuite" time="2,218.251" errors="0" skipped="17">
  <properties>
[...]
</properties>
  <testcase classname="com.FreeCRM.qa.TestCases.ContactsPageTest" name="verifyContactsLabel" time="0.324"/>
  <testcase classname="com.FreeCRM.qa.TestCases.HomePageTest" name="verifyHomePageTitleTest" time="0.018"/>
  <testcase classname="com.FreeCRM.qa.TestCases.LoginPageTest" name="setUp" time="26.833">
    <failure message="timeout: Timed out receiving message from renderer: 18.522
  (Session info: chrome=84.0.4147.135)
Build info: version: &apos;3.141.59&apos;, revision: &apos;e82be7d358&apos;, time: &apos;2018-11-14T08:17:03&apos;
System info: host: &apos;ABHAY-PC&apos;, ip: &apos;192.168.43.190&apos;, os.name: &apos;Windows 7&apos;, os.arch: &apos;amd64&apos;, os.version: &apos;6.1&apos;, java.version: &apos;1.8.0_221&apos;
Driver info: org.openqa.selenium.chrome.ChromeDriver
Capabilities {acceptInsecureCerts: false, browserName: chrome, browserVersion: 84.0.4147.135, chrome: {chromedriverVersion: 84.0.4147.30 (48b3e868b4cc0..., userDataDir: C:\Windows\TEMP\scoped_dir8...}, goog:chromeOptions: {debuggerAddress: localhost:53369}, javascriptEnabled: true, networkConnectionEnabled: false, pageLoadStrategy: normal, platform: WINDOWS, platformName: WINDOWS, proxy: Proxy(), setWindowRect: true, strictFileInteractability: false, timeouts: {implicit: 0, pageLoad: 300000, script: 30000}, unhandledPromptBehavior: dismiss and notify, webauthn:virtualAuthenticators: true}
Session ID: 25483e8fbc5f0232906f3ba85d0ab386" type="org.openqa.selenium.TimeoutException">org.openqa.selenium.TimeoutException: timeout: Timed out receiving message from renderer: 18.522
  (Session info: chrome=84.0.4147.135)
Build info: version: &apos;3.141.59&apos;, revision: &apos;e82be7d358&apos;, time: &apos;2018-11-14T08:17:03&apos;
System info: host: &apos;ABHAY-PC&apos;, ip: &apos;192.168.43.190&apos;, os.name: &apos;Windows 7&apos;, os.arch: &apos;amd64&apos;, os.version: &apos;6.1&apos;, java.version: &apos;1.8.0_221&apos;
Driver info: org.openqa.selenium.chrome.ChromeDriver
Capabilities {acceptInsecureCerts: false, browserName: chrome, browserVersion: 84.0.4147.135, chrome: {chromedriverVersion: 84.0.4147.30 (48b3e868b4cc0..., userDataDir: C:\Windows\TEMP\scoped_dir8...}, goog:chromeOptions: {debuggerAddress: localhost:53369}, javascriptEnabled: true, networkConnectionEnabled: false, pageLoadStrategy: normal, platform: WINDOWS, platformName: WINDOWS, proxy: Proxy(), setWindowRect: true, strictFileInteractability: false, timeouts: {implicit: 0, pageLoad: 300000, script: 30000}, unhandledPromptBehavior: dismiss and notify, webauthn:virtualAuthenticators: true}
Session ID: 25483e8fbc5f0232906f3ba85d0ab386
	at sun.reflect.NativeConstructorAccessorImpl.newInstance0(Native Method)
	at sun.reflect.NativeConstructorAccessorImpl.newInstance(NativeConstructorAccessorImpl.java:62)
	at sun.reflect.DelegatingConstructorAccessorImpl.newInstance(DelegatingConstructorAccessorImpl.java:45)
	at java.lang.reflect.Constructor.newInstance(Constructor.java:423)
	at org.openqa.selenium.remote.http.W3CHttpResponseCodec.createException(W3CHttpResponseCodec.java:187)
	at org.openqa.selenium.remote.http.W3CHttpResponseCodec.decode(W3CHttpResponseCodec.java:122)
	at org.openqa.selenium.remote.http.W3CHttpResponseCodec.decode(W3CHttpResponseCodec.java:49)
	at org.openqa.selenium.remote.HttpCommandExecutor.execute(HttpCommandExecutor.java:158)
	at org.openqa.selenium.remote.service.DriverCommandExecutor.execute(DriverCommandExecutor.java:83)
	at org.openqa.selenium.remote.RemoteWebDriver.execute(RemoteWebDriver.java:552)
	at org.openqa.selenium.remote.RemoteWebDriver.get(RemoteWebDriver.java:277)
	at sun.reflect.NativeMethodAccessorImpl.invoke0(Native Method)
	at sun.reflect.NativeMethodAccessorImpl.invoke(NativeMethodAccessorImpl.java:62)
	at sun.reflect.DelegatingMethodAccessorImpl.invoke(DelegatingMethodAccessorImpl.java:43)
	at java.lang.reflect.Method.invoke(Method.java:498)
	at org.openqa.selenium.support.events.EventFiringWebDriver.lambda$new$1(EventFiringWebDriver.java:105)
	at com.sun.proxy.$Proxy6.get(Unknown Source)
	at org.openqa.selenium.support.events.EventFiringWebDriver.get(EventFiringWebDriver.java:165)
	at com.FreeCRM.qa.Baseclass.TestBase.inialization(TestBase.java:57)
	at com.FreeCRM.qa.TestCases.LoginPageTest.setUp(LoginPageTest.java:22)
</failure>
    <system-out>BeforeNavigateTo: https://www.crmpro.com/index.html&apos;
</system-out>
    <system-err>Starting ChromeDriver 84.0.4147.30 (48b3e868b4cc0aa7e8149519690b6f6949e110a8-refs/branch-heads/4147@{#310}) on port 20914
Only local connections are allowed.
Please see https://chromedriver.chromium.org/security-considerations for suggestions on keeping ChromeDriver safe.
ChromeDriver was started successfully.
Aug 22, 2020 7:44:47 PM org.openqa.selenium.remote.ProtocolHandshake createSession
INFO: Detected dialect: W3C
[1598105708.960][SEVERE]: Timed out receiving message from renderer: 18.522
[1598105708.974][SEVERE]: Timed out receiving message from renderer: 18.522
</system-err>
  </testcase>
  <testcase classname="com.FreeCRM.qa.TestCases.LoginPageTest" name="loginPageTitle" time="26.849">
    <skipped/>
  </testcase>
  <testcase classname="com.FreeCRM.qa.TestCases.ContactsPageTest" name="setUp" time="69.697">
    <failure message="timeout: Timed out receiving message from renderer: 20.000
  (Session info: chrome=84.0.4147.135)
Build info: version: &apos;3.141.59&apos;, revision: &apos;e82be7d358&apos;, time: &apos;2018-11-14T08:17:03&apos;
System info: host: &apos;ABHAY-PC&apos;, ip: &apos;192.168.43.190&apos;, os.name: &apos;Windows 7&apos;, os.arch: &apos;amd64&apos;, os.version: &apos;6.1&apos;, java.version: &apos;1.8.0_221&apos;
Driver info: org.openqa.selenium.chrome.ChromeDriver
Capabilities {acceptInsecureCerts: false, browserName: chrome, browserVersion: 84.0.4147.135, chrome: {chromedriverVersion: 84.0.4147.30 (48b3e868b4cc0..., userDataDir: C:\Windows\TEMP\scoped_dir3...}, goog:chromeOptions: {debuggerAddress: localhost:53408}, javascriptEnabled: true, networkConnectionEnabled: false, pageLoadStrategy: normal, platform: WINDOWS, platformName: WINDOWS, proxy: Proxy(), setWindowRect: true, strictFileInteractability: false, timeouts: {implicit: 0, pageLoad: 300000, script: 30000}, unhandledPromptBehavior: dismiss and notify, webauthn:virtualAuthenticators: true}
Session ID: a99ec945f892345ba8e6f32c4869acb6" type="org.openqa.selenium.TimeoutException">org.openqa.selenium.TimeoutException: timeout: Timed out receiving message from renderer: 20.000
  (Session info: chrome=84.0.4147.135)
Build info: version: &apos;3.141.59&apos;, revision: &apos;e82be7d358&apos;, time: &apos;2018-11-14T08:17:03&apos;
System info: host: &apos;ABHAY-PC&apos;, ip: &apos;192.168.43.190&apos;, os.name: &apos;Windows 7&apos;, os.arch: &apos;amd64&apos;, os.version: &apos;6.1&apos;, java.version: &apos;1.8.0_221&apos;
Driver info: org.openqa.selenium.chrome.ChromeDriver
Capabilities {acceptInsecureCerts: false, browserName: chrome, browserVersion: 84.0.4147.135, chrome: {chromedriverVersion: 84.0.4147.30 (48b3e868b4cc0..., userDataDir: C:\Windows\TEMP\scoped_dir3...}, goog:chromeOptions: {debuggerAddress: localhost:53408}, javascriptEnabled: true, networkConnectionEnabled: false, pageLoadStrategy: normal, platform: WINDOWS, platformName: WINDOWS, proxy: Proxy(), setWindowRect: true, strictFileInteractability: false, timeouts: {implicit: 0, pageLoad: 300000, script: 30000}, unhandledPromptBehavior: dismiss and notify, webauthn:virtualAuthenticators: true}
Session ID: a99ec945f892345ba8e6f32c4869acb6
	at sun.reflect.NativeConstructorAccessorImpl.newInstance0(Native Method)
	at sun.reflect.NativeConstructorAccessorImpl.newInstance(NativeConstructorAccessorImpl.java:62)
	at sun.reflect.DelegatingConstructorAccessorImpl.newInstance(DelegatingConstructorAccessorImpl.java:45)
	at java.lang.reflect.Constructor.newInstance(Constructor.java:423)
	at org.openqa.selenium.remote.http.W3CHttpResponseCodec.createException(W3CHttpResponseCodec.java:187)
	at org.openqa.selenium.remote.http.W3CHttpResponseCodec.decode(W3CHttpResponseCodec.java:122)
	at org.openqa.selenium.remote.http.W3CHttpResponseCodec.decode(W3CHttpResponseCodec.java:49)
	at org.openqa.selenium.remote.HttpCommandExecutor.execute(HttpCommandExecutor.java:158)
	at org.openqa.selenium.remote.service.DriverCommandExecutor.execute(DriverCommandExecutor.java:83)
	at org.openqa.selenium.remote.RemoteWebDriver.execute(RemoteWebDriver.java:552)
	at org.openqa.selenium.remote.RemoteWebElement.execute(RemoteWebElement.java:285)
	at org.openqa.selenium.remote.RemoteWebElement.click(RemoteWebElement.java:84)
	at sun.reflect.NativeMethodAccessorImpl.invoke0(Native Method)
	at sun.reflect.NativeMethodAccessorImpl.invoke(NativeMethodAccessorImpl.java:62)
	at sun.reflect.DelegatingMethodAccessorImpl.invoke(DelegatingMethodAccessorImpl.java:43)
	at java.lang.reflect.Method.invoke(Method.java:498)
	at org.openqa.selenium.support.events.EventFiringWebDriver$EventFiringWebElement.lambda$new$0(EventFiringWebDriver.java:404)
	at com.sun.proxy.$Proxy11.click(Unknown Source)
	at org.openqa.selenium.support.events.EventFiringWebDriver$EventFiringWebElement.click(EventFiringWebDriver.java:417)
	at sun.reflect.NativeMethodAccessorImpl.invoke0(Native Method)
	at sun.reflect.NativeMethodAccessorImpl.invoke(NativeMethodAccessorImpl.java:62)
	at sun.reflect.DelegatingMethodAccessorImpl.invoke(DelegatingMethodAccessorImpl.java:43)
	at java.lang.reflect.Method.invoke(Method.java:498)
	at org.openqa.selenium.support.pagefactory.internal.LocatingElementHandler.invoke(LocatingElementHandler.java:51)
	at com.sun.proxy.$Proxy10.click(Unknown Source)
	at com.FreeCRM.qa.Pages.LoginPage.login(LoginPage.java:39)
	at com.FreeCRM.qa.TestCases.ContactsPageTest.setUp(ContactsPageTest.java:30)
</failure>
    <system-out>BeforeNavigateTo: https://www.crmpro.com/index.html&apos;
AftrNavigateTo: https://www.crmpro.com/index.html&apos;
Value of the: [[ChromeDriver: chrome on WINDOWS (a99ec945f892345ba8e6f32c4869acb6)] -&gt; name: username]before any changes mode
Element value changed to :[[ChromeDriver: chrome on WINDOWS (a99ec945f892345ba8e6f32c4869acb6)] -&gt; name: username]
Value of the: [[ChromeDriver: chrome on WINDOWS (a99ec945f892345ba8e6f32c4869acb6)] -&gt; name: password]before any changes mode
Element value changed to :[[ChromeDriver: chrome on WINDOWS (a99ec945f892345ba8e6f32c4869acb6)] -&gt; name: password]
</system-out>
    <system-err>Starting ChromeDriver 84.0.4147.30 (48b3e868b4cc0aa7e8149519690b6f6949e110a8-refs/branch-heads/4147@{#310}) on port 37400
Only local connections are allowed.
Please see https://chromedriver.chromium.org/security-considerations for suggestions on keeping ChromeDriver safe.
ChromeDriver was started successfully.
Aug 22, 2020 7:45:16 PM org.openqa.selenium.remote.ProtocolHandshake createSession
INFO: Detected dialect: W3C
[1598105751.419][SEVERE]: Timed out receiving message from renderer: 20.000
[1598105751.424][SEVERE]: Timed out receiving message from renderer: 20.000
</system-err>
  </testcase>
  <testcase classname="com.FreeCRM.qa.TestCases.ContactsPageTest" name="selectContacts" time="69.698">
    <skipped/>
  </testcase>
  <testcase classname="com.FreeCRM.qa.TestCases.HomePageTest" name="setUp" time="118.685">
    <failure message="timeout: Timed out receiving message from renderer: 20.000
  (Session info: chrome=84.0.4147.135)
Build info: version: &apos;3.141.59&apos;, revision: &apos;e82be7d358&apos;, time: &apos;2018-11-14T08:17:03&apos;
System info: host: &apos;ABHAY-PC&apos;, ip: &apos;192.168.43.190&apos;, os.name: &apos;Windows 7&apos;, os.arch: &apos;amd64&apos;, os.version: &apos;6.1&apos;, java.version: &apos;1.8.0_221&apos;
Driver info: org.openqa.selenium.chrome.ChromeDriver
Capabilities {acceptInsecureCerts: false, browserName: chrome, browserVersion: 84.0.4147.135, chrome: {chromedriverVersion: 84.0.4147.30 (48b3e868b4cc0..., userDataDir: C:\Windows\TEMP\scoped_dir8...}, goog:chromeOptions: {debuggerAddress: localhost:53462}, javascriptEnabled: true, networkConnectionEnabled: false, pageLoadStrategy: normal, platform: WINDOWS, platformName: WINDOWS, proxy: Proxy(), setWindowRect: true, strictFileInteractability: false, timeouts: {implicit: 0, pageLoad: 300000, script: 30000}, unhandledPromptBehavior: dismiss and notify, webauthn:virtualAuthenticators: true}
Session ID: 10ea5e8bc09a3895987ed3162268998d" type="org.openqa.selenium.TimeoutException">org.openqa.selenium.TimeoutException: timeout: Timed out receiving message from renderer: 20.000
  (Session info: chrome=84.0.4147.135)
Build info: version: &apos;3.141.59&apos;, revision: &apos;e82be7d358&apos;, time: &apos;2018-11-14T08:17:03&apos;
System info: host: &apos;ABHAY-PC&apos;, ip: &apos;192.168.43.190&apos;, os.name: &apos;Windows 7&apos;, os.arch: &apos;amd64&apos;, os.version: &apos;6.1&apos;, java.version: &apos;1.8.0_221&apos;
Driver info: org.openqa.selenium.chrome.ChromeDriver
Capabilities {acceptInsecureCerts: false, browserName: chrome, browserVersion: 84.0.4147.135, chrome: {chromedriverVersion: 84.0.4147.30 (48b3e868b4cc0..., userDataDir: C:\Windows\TEMP\scoped_dir8...}, goog:chromeOptions: {debuggerAddress: localhost:53462}, javascriptEnabled: true, networkConnectionEnabled: false, pageLoadStrategy: normal, platform: WINDOWS, platformName: WINDOWS, proxy: Proxy(), setWindowRect: true, strictFileInteractability: false, timeouts: {implicit: 0, pageLoad: 300000, script: 30000}, unhandledPromptBehavior: dismiss and notify, webauthn:virtualAuthenticators: true}
Session ID: 10ea5e8bc09a3895987ed3162268998d
	at sun.reflect.NativeConstructorAccessorImpl.newInstance0(Native Method)
	at sun.reflect.NativeConstructorAccessorImpl.newInstance(NativeConstructorAccessorImpl.java:62)
	at sun.reflect.DelegatingConstructorAccessorImpl.newInstance(DelegatingConstructorAccessorImpl.java:45)
	at java.lang.reflect.Constructor.newInstance(Constructor.java:423)
	at org.openqa.selenium.remote.http.W3CHttpResponseCodec.createException(W3CHttpResponseCodec.java:187)
	at org.openqa.selenium.remote.http.W3CHttpResponseCodec.decode(W3CHttpResponseCodec.java:122)
	at org.openqa.selenium.remote.http.W3CHttpResponseCodec.decode(W3CHttpResponseCodec.java:49)
	at org.openqa.selenium.remote.HttpCommandExecutor.execute(HttpCommandExecutor.java:158)
	at org.openqa.selenium.remote.service.DriverCommandExecutor.execute(DriverCommandExecutor.java:83)
	at org.openqa.selenium.remote.RemoteWebDriver.execute(RemoteWebDriver.java:552)
	at org.openqa.selenium.remote.RemoteWebElement.execute(RemoteWebElement.java:285)
	at org.openqa.selenium.remote.RemoteWebElement.click(RemoteWebElement.java:84)
	at sun.reflect.NativeMethodAccessorImpl.invoke0(Native Method)
	at sun.reflect.NativeMethodAccessorImpl.invoke(NativeMethodAccessorImpl.java:62)
	at sun.reflect.DelegatingMethodAccessorImpl.invoke(DelegatingMethodAccessorImpl.java:43)
	at java.lang.reflect.Method.invoke(Method.java:498)
	at org.openqa.selenium.support.events.EventFiringWebDriver$EventFiringWebElement.lambda$new$0(EventFiringWebDriver.java:404)
	at com.sun.proxy.$Proxy11.click(Unknown Source)
	at org.openqa.selenium.support.events.EventFiringWebDriver$EventFiringWebElement.click(EventFiringWebDriver.java:417)
	at sun.reflect.NativeMethodAccessorImpl.invoke0(Native Method)
	at sun.reflect.NativeMethodAccessorImpl.invoke(NativeMethodAccessorImpl.java:62)
	at sun.reflect.DelegatingMethodAccessorImpl.invoke(DelegatingMethodAccessorImpl.java:43)
	at java.lang.reflect.Method.invoke(Method.java:498)
	at org.openqa.selenium.support.pagefactory.internal.LocatingElementHandler.invoke(LocatingElementHandler.java:51)
	at com.sun.proxy.$Proxy10.click(Unknown Source)
	at com.FreeCRM.qa.Pages.LoginPage.login(LoginPage.java:39)
	at com.FreeCRM.qa.TestCases.HomePageTest.setUp(HomePageTest.java:30)
</failure>
    <system-out>BeforeNavigateTo: https://www.crmpro.com/index.html&apos;
AftrNavigateTo: https://www.crmpro.com/index.html&apos;
Value of the: [[ChromeDriver: chrome on WINDOWS (10ea5e8bc09a3895987ed3162268998d)] -&gt; name: username]before any changes mode
Element value changed to :[[ChromeDriver: chrome on WINDOWS (10ea5e8bc09a3895987ed3162268998d)] -&gt; name: username]
Value of the: [[ChromeDriver: chrome on WINDOWS (10ea5e8bc09a3895987ed3162268998d)] -&gt; name: password]before any changes mode
Element value changed to :[[ChromeDriver: chrome on WINDOWS (10ea5e8bc09a3895987ed3162268998d)] -&gt; name: password]
</system-out>
    <system-err>Starting ChromeDriver 84.0.4147.30 (48b3e868b4cc0aa7e8149519690b6f6949e110a8-refs/branch-heads/4147@{#310}) on port 1387
Only local connections are allowed.
Please see https://chromedriver.chromium.org/security-considerations for suggestions on keeping ChromeDriver safe.
ChromeDriver was started successfully.
Aug 22, 2020 7:46:05 PM org.openqa.selenium.remote.ProtocolHandshake createSession
INFO: Detected dialect: W3C
[1598105799.050][SEVERE]: Timed out receiving message from renderer: 20.000
[1598105799.068][SEVERE]: Timed out receiving message from renderer: 20.000
</system-err>
  </testcase>
  <testcase classname="com.FreeCRM.qa.TestCases.HomePageTest" name="verifyUserNameTest" time="118.686">
    <skipped/>
  </testcase>
  <testcase classname="com.FreeCRM.qa.TestCases.LoginPageTest" name="setUp" time="118.686">
    <skipped/>
  </testcase>
  <testcase classname="com.FreeCRM.qa.TestCases.LoginPageTest" name="loginPageCRMLogo" time="118.687">
    <skipped/>
  </testcase>
  <testcase classname="com.FreeCRM.qa.TestCases.ContactsPageTest" name="setUp" time="118.692">
    <skipped/>
  </testcase>
  <testcase classname="com.FreeCRM.qa.TestCases.ContactsPageTest" name="selectMultipleContacts" time="118.692">
    <skipped/>
  </testcase>
  <testcase classname="com.FreeCRM.qa.TestCases.HomePageTest" name="setUp" time="118.692">
    <skipped/>
  </testcase>
  <testcase classname="com.FreeCRM.qa.TestCases.HomePageTest" name="clickOnContactsLink" time="118.693">
    <skipped/>
  </testcase>
  <testcase classname="com.FreeCRM.qa.TestCases.LoginPageTest" name="setUp" time="118.721">
    <skipped/>
  </testcase>
  <testcase classname="com.FreeCRM.qa.TestCases.LoginPageTest" name="loginTest" time="118.722">
    <skipped/>
  </testcase>
  <testcase classname="com.FreeCRM.qa.TestCases.ContactsPageTest" name="setUp" time="139.644">
    <skipped/>
  </testcase>
  <testcase classname="com.FreeCRM.qa.TestCases.ContactsPageTest" name="createNewContactTest" time="139.644">
    <skipped/>
  </testcase>
  <testcase classname="com.FreeCRM.qa.TestCases.ContactsPageTest" name="setUp" time="139.647">
    <skipped/>
  </testcase>
  <testcase classname="com.FreeCRM.qa.TestCases.ContactsPageTest" name="createNewContactTest" time="139.647">
    <skipped/>
  </testcase>
  <testcase classname="com.FreeCRM.qa.TestCases.ContactsPageTest" name="setUp" time="139.647">
    <skipped/>
  </testcase>
  <testcase classname="com.FreeCRM.qa.TestCases.ContactsPageTest" name="createNewContactTest" time="139.647">
    <skipped/>
  </testcase>
</testsuite>